# !SESSION 2022-11-21 16:58:47.265
# version: 1.1
# verbose: true
# The following option strings are specified for this debug session:
# 	null
| Worker-8 | 2022-11-21 16:58:47.265 | com.iar.ide.common | /debug | com.iar.ide.common.logging.Logger | traceFile | 194 | SDK location does not exist: null |
# !SESSION 2022-11-28 10:45:58.703
# version: 1.1
# verbose: true
# The following option strings are specified for this debug session:
# 	null
| Worker-7 | 2022-11-28 10:45:58.703 | com.iar.ide.common | /debug | com.iar.ide.common.logging.Logger | traceFile | 194 | SDK location does not exist: null |
# !SESSION 2022-12-02 18:35:51.339
# version: 1.1
# verbose: true
# The following option strings are specified for this debug session:
# 	null
| Worker-1 | 2022-12-02 18:35:51.339 | com.iar.ide.common | /debug | com.iar.ide.common.logging.Logger | traceFile | 194 | SDK location does not exist: null |
# !SESSION 2022-12-02 18:46:32.351
# version: 1.1
# verbose: true
# The following option strings are specified for this debug session:
# 	null
| Worker-4 | 2022-12-02 18:46:32.351 | com.iar.ide.common | /debug | com.iar.ide.common.logging.Logger | traceFile | 194 | SDK location does not exist: null |
# !SESSION 2022-12-02 18:52:13.414
# version: 1.1
# verbose: true
# The following option strings are specified for this debug session:
# 	null
| Worker-0 | 2022-12-02 18:52:13.414 | com.iar.ide.common | /debug | com.iar.ide.common.logging.Logger | traceFile | 194 | SDK location does not exist: null |
# !SESSION 2022-12-02 18:56:30.089
# version: 1.1
# verbose: true
# The following option strings are specified for this debug session:
# 	null
| Worker-0 | 2022-12-02 18:56:30.089 | com.iar.ide.common | /debug | com.iar.ide.common.logging.Logger | traceFile | 194 | SDK location does not exist: null |
# !SESSION 2022-12-05 10:42:44.681
# version: 1.1
# verbose: true
# The following option strings are specified for this debug session:
# 	null
| Worker-4 | 2022-12-05 10:42:44.681 | com.iar.ide.common | /debug | com.iar.ide.common.logging.Logger | traceFile | 194 | SDK location does not exist: null |
# !SESSION 2022-12-05 10:57:18.517
# version: 1.1
# verbose: true
# The following option strings are specified for this debug session:
# 	null
| Worker-0 | 2022-12-05 10:57:18.517 | com.iar.ide.common | /debug | com.iar.ide.common.logging.Logger | traceFile | 194 | SDK location does not exist: null |
